Flow report for PRESENT
Wed Apr 18 15:36:31 2018
Quartus II 64-Bit Version 15.0.0 Build 145 04/22/2015 SJ Web Edition


---------------------
; Table of Contents ;
---------------------
  1. Legal Notice
  2. Flow Summary
  3. Flow Settings
  4. Flow Non-Default Global Settings
  5. Flow Elapsed Time
  6. Flow OS Summary
  7. Flow Log
  8. Flow Messages
  9. Flow Suppressed Messages



----------------
; Legal Notice ;
----------------
Copyright (C) 1991-2015 Altera Corporation. All rights reserved.
Your use of Altera Corporation's design tools, logic functions 
and other software and tools, and its AMPP partner logic 
functions, and any output files from any of the foregoing 
(including device programming or simulation files), and any 
associated documentation or information are expressly subject 
to the terms and conditions of the Altera Program License 
Subscription Agreement, the Altera Quartus II License Agreement,
the Altera MegaCore Function License Agreement, or other 
applicable license agreement, including, without limitation, 
that your use is for the sole purpose of programming logic 
devices manufactured by Altera and sold by Altera or its 
authorized distributors.  Please refer to the applicable 
agreement for further details.



+---------------------------------------------------------------------------------+
; Flow Summary                                                                    ;
+------------------------------------+--------------------------------------------+
; Flow Status                        ; Successful - Wed Apr 18 15:36:31 2018      ;
; Quartus II 64-Bit Version          ; 15.0.0 Build 145 04/22/2015 SJ Web Edition ;
; Revision Name                      ; PRESENT                                    ;
; Top-level Entity Name              ; PRESENT                                    ;
; Family                             ; Cyclone IV E                               ;
; Device                             ; EP4CE15F23I7                               ;
; Timing Models                      ; Final                                      ;
; Total logic elements               ; 4,156 / 15,408 ( 27 % )                    ;
;     Total combinational functions  ; 4,156 / 15,408 ( 27 % )                    ;
;     Dedicated logic registers      ; 0 / 15,408 ( 0 % )                         ;
; Total registers                    ; 0                                          ;
; Total pins                         ; 288 / 344 ( 84 % )                         ;
; Total virtual pins                 ; 0                                          ;
; Total memory bits                  ; 0 / 516,096 ( 0 % )                        ;
; Embedded Multiplier 9-bit elements ; 0 / 112 ( 0 % )                            ;
; Total PLLs                         ; 0 / 4 ( 0 % )                              ;
+------------------------------------+--------------------------------------------+


+-----------------------------------------+
; Flow Settings                           ;
+-------------------+---------------------+
; Option            ; Setting             ;
+-------------------+---------------------+
; Start date & time ; 04/18/2018 15:01:36 ;
; Main task         ; Compilation         ;
; Revision Name     ; PRESENT             ;
+-------------------+---------------------+


+---------------------------------------------------------------------------------------------------------------------+
; Flow Non-Default Global Settings                                                                                    ;
+-------------------------------------+--------------------------------+---------------+-------------+----------------+
; Assignment Name                     ; Value                          ; Default Value ; Entity Name ; Section Id     ;
+-------------------------------------+--------------------------------+---------------+-------------+----------------+
; COMPILER_SIGNATURE_ID               ; 18129495448714.152405649603976 ; --            ; --          ; --             ;
; EDA_OUTPUT_DATA_FORMAT              ; Vhdl                           ; --            ; --          ; eda_simulation ;
; EDA_SIMULATION_TOOL                 ; ModelSim-Altera (VHDL)         ; <None>        ; --          ; --             ;
; MAX_CORE_JUNCTION_TEMP              ; 100                            ; --            ; --          ; --             ;
; MIN_CORE_JUNCTION_TEMP              ; -40                            ; --            ; --          ; --             ;
; NOMINAL_CORE_SUPPLY_VOLTAGE         ; 1.2V                           ; --            ; --          ; --             ;
; PARTITION_COLOR                     ; 16764057                       ; --            ; --          ; Top            ;
; PARTITION_FITTER_PRESERVATION_LEVEL ; PLACEMENT_AND_ROUTING          ; --            ; --          ; Top            ;
; PARTITION_NETLIST_TYPE              ; SOURCE                         ; --            ; --          ; Top            ;
; PROJECT_OUTPUT_DIRECTORY            ; output_files                   ; --            ; --          ; --             ;
+-------------------------------------+--------------------------------+---------------+-------------+----------------+


+-------------------------------------------------------------------------------------------------------------------------------+
; Flow Elapsed Time                                                                                                             ;
+---------------------------+--------------+-------------------------+---------------------+------------------------------------+
; Module Name               ; Elapsed Time ; Average Processors Used ; Peak Virtual Memory ; Total CPU Time (on all processors) ;
+---------------------------+--------------+-------------------------+---------------------+------------------------------------+
; Analysis & Synthesis      ; 00:01:08     ; 1.0                     ; 770 MB              ; 00:01:28                           ;
; Fitter                    ; 00:00:20     ; 1.2                     ; 1336 MB             ; 00:00:21                           ;
; Assembler                 ; 00:00:02     ; 1.0                     ; 685 MB              ; 00:00:02                           ;
; TimeQuest Timing Analyzer ; 00:00:14     ; 1.0                     ; 855 MB              ; 00:00:14                           ;
; EDA Netlist Writer        ; 00:00:07     ; 1.0                     ; 684 MB              ; 00:00:06                           ;
; EDA Netlist Writer        ; 00:00:01     ; 1.0                     ; 643 MB              ; 00:00:01                           ;
; EDA Netlist Writer        ; 00:00:02     ; 1.0                     ; 650 MB              ; 00:00:02                           ;
; EDA Netlist Writer        ; 00:00:01     ; 1.0                     ; 643 MB              ; 00:00:01                           ;
; EDA Netlist Writer        ; 00:00:03     ; 1.0                     ; 650 MB              ; 00:00:02                           ;
; EDA Netlist Writer        ; 00:00:01     ; 1.0                     ; 643 MB              ; 00:00:01                           ;
; EDA Netlist Writer        ; 00:00:02     ; 1.0                     ; 650 MB              ; 00:00:02                           ;
; Total                     ; 00:02:01     ; --                      ; --                  ; 00:02:20                           ;
+---------------------------+--------------+-------------------------+---------------------+------------------------------------+


+----------------------------------------------------------------------------------------+
; Flow OS Summary                                                                        ;
+---------------------------+------------------+-----------+------------+----------------+
; Module Name               ; Machine Hostname ; OS Name   ; OS Version ; Processor type ;
+---------------------------+------------------+-----------+------------+----------------+
; Analysis & Synthesis      ; SUYOG            ; Windows 7 ; 6.2        ; x86_64         ;
; Fitter                    ; SUYOG            ; Windows 7 ; 6.2        ; x86_64         ;
; Assembler                 ; SUYOG            ; Windows 7 ; 6.2        ; x86_64         ;
; TimeQuest Timing Analyzer ; SUYOG            ; Windows 7 ; 6.2        ; x86_64         ;
; EDA Netlist Writer        ; SUYOG            ; Windows 7 ; 6.2        ; x86_64         ;
; EDA Netlist Writer        ; SUYOG            ; Windows 7 ; 6.2        ; x86_64         ;
; EDA Netlist Writer        ; SUYOG            ; Windows 7 ; 6.2        ; x86_64         ;
; EDA Netlist Writer        ; SUYOG            ; Windows 7 ; 6.2        ; x86_64         ;
; EDA Netlist Writer        ; SUYOG            ; Windows 7 ; 6.2        ; x86_64         ;
; EDA Netlist Writer        ; SUYOG            ; Windows 7 ; 6.2        ; x86_64         ;
; EDA Netlist Writer        ; SUYOG            ; Windows 7 ; 6.2        ; x86_64         ;
+---------------------------+------------------+-----------+------------+----------------+


------------
; Flow Log ;
------------
quartus_map --read_settings_files=on --write_settings_files=off PRESENT -c PRESENT
quartus_fit --read_settings_files=off --write_settings_files=off PRESENT -c PRESENT
quartus_asm --read_settings_files=off --write_settings_files=off PRESENT -c PRESENT
quartus_sta PRESENT -c PRESENT
quartus_eda --read_settings_files=off --write_settings_files=off PRESENT -c PRESENT
quartus_eda --gen_testbench --check_outputs=on --tool=modelsim_oem --format=verilog --write_settings_files=off PRESENT -c PRESENT --vector_source="C:/Users/SUYOG/Desktop/ES Final debugging/Encryption/E1.vwf" --testbench_file="C:/Users/SUYOG/Desktop/ES Final debugging/Encryption/simulation/qsim/E1.vwf.vt"
quartus_eda --write_settings_files=off --functional=on --flatten_buses=off --simulation=on --tool=modelsim_oem --format=verilog --output_directory="C:/Users/SUYOG/Desktop/ES Final debugging/Encryption/simulation/qsim/" PRESENT -c PRESENT
quartus_eda --gen_testbench --check_outputs=on --tool=modelsim_oem --format=verilog --write_settings_files=off PRESENT -c PRESENT --vector_source="C:/Users/SUYOG/Desktop/ES Final debugging/Encryption/Waveform.vwf" --testbench_file="C:/Users/SUYOG/Desktop/ES Final debugging/Encryption/simulation/qsim/Waveform.vwf.vt"
quartus_eda --write_settings_files=off --functional=on --flatten_buses=off --simulation=on --tool=modelsim_oem --format=verilog --output_directory="C:/Users/SUYOG/Desktop/ES Final debugging/Encryption/simulation/qsim/" PRESENT -c PRESENT
quartus_eda --gen_testbench --check_outputs=on --tool=modelsim_oem --format=verilog --write_settings_files=off PRESENT -c PRESENT --vector_source="C:/Users/SUYOG/Desktop/ES Final debugging/Encryption/Waveform.vwf" --testbench_file="C:/Users/SUYOG/Desktop/ES Final debugging/Encryption/simulation/qsim/Waveform.vwf.vt"
quartus_eda --write_settings_files=off --functional=on --flatten_buses=off --simulation=on --tool=modelsim_oem --format=verilog --output_directory="C:/Users/SUYOG/Desktop/ES Final debugging/Encryption/simulation/qsim/" PRESENT -c PRESENT



